Dec 04, 2019 8:49:41 AM TsuroServer run
INFO: << bob ,dumb
Dec 04, 2019 8:49:41 AM TsuroServer run
INFO: << mary ,dumb
Dec 04, 2019 8:49:41 AM TsuroServer run
INFO: << alice ,dumb
Dec 04, 2019 8:49:41 AM TsuroServer run
INFO: << jack ,dumb
Dec 04, 2019 8:49:41 AM TsuroServer run
INFO: << thomas ,dumb
Dec 04, 2019 8:49:41 AM ProxyPlayer setAvatar
INFO: >> To [bob]: Referee assigned you an avatar with WHITE color
Dec 04, 2019 8:49:41 AM ProxyPlayer setAvatar
INFO: >> To [bob]: {"pos":{"x":0,"y":0},"color":"WHITE","exited":false}
Dec 04, 2019 8:49:41 AM ProxyPlayer setAvatar
INFO: >> To [mary]: Referee assigned you an avatar with BLACK color
Dec 04, 2019 8:49:41 AM ProxyPlayer setAvatar
INFO: >> To [mary]: {"pos":{"x":0,"y":0},"color":"BLACK","exited":false}
Dec 04, 2019 8:49:41 AM ProxyPlayer setAvatar
INFO: >> To [alice]: Referee assigned you an avatar with RED color
Dec 04, 2019 8:49:41 AM ProxyPlayer setAvatar
INFO: >> To [alice]: {"pos":{"x":0,"y":0},"color":"RED","exited":false}
Dec 04, 2019 8:49:41 AM ProxyPlayer setAvatar
INFO: >> To [jack]: Referee assigned you an avatar with GREEN color
Dec 04, 2019 8:49:41 AM ProxyPlayer setAvatar
INFO: >> To [jack]: {"pos":{"x":0,"y":0},"color":"GREEN","exited":false}
Dec 04, 2019 8:49:41 AM ProxyPlayer setAvatar
INFO: >> To [thomas]: Referee assigned you an avatar with BLUE color
Dec 04, 2019 8:49:41 AM ProxyPlayer setAvatar
INFO: >> To [thomas]: {"pos":{"x":0,"y":0},"color":"BLUE","exited":false}
Dec 04, 2019 8:49:41 AM ProxyPlayer sendHand
INFO: >> To [bob]: Referee has sent you hand for the next round
Dec 04, 2019 8:49:41 AM ProxyPlayer sendHand
INFO: >> To [bob]: [{"paths":[{"fst":{"name":"S2","hasAvatar":false},"snd":{"name":"S1","hasAvatar":false}},{"fst":{"name":"E2","hasAvatar":false},"snd":{"name":"E1","hasAvatar":false}},{"fst":{"name":"N2","hasAvatar":false},"snd":{"name":"N1","hasAvatar":false}},{"fst":{"name":"W2","hasAvatar":false},"snd":{"name":"W1","hasAvatar":false}}],"rotation":0,"idxInAll35":0},{"paths":[{"fst":{"name":"S2","hasAvatar":false},"snd":{"name":"S1","hasAvatar":false}},{"fst":{"name":"E2","hasAvatar":false},"snd":{"name":"E1","hasAvatar":false}},{"fst":{"name":"N2","hasAvatar":false},"snd":{"name":"W2","hasAvatar":false}},{"fst":{"name":"N1","hasAvatar":false},"snd":{"name":"W1","hasAvatar":false}}],"rotation":0,"idxInAll35":1},{"paths":[{"fst":{"name":"S2","hasAvatar":false},"snd":{"name":"S1","hasAvatar":false}},{"fst":{"name":"E2","hasAvatar":false},"snd":{"name":"E1","hasAvatar":false}},{"fst":{"name":"N2","hasAvatar":false},"snd":{"name":"W1","hasAvatar":false}},{"fst":{"name":"N1","hasAvatar":false},"snd":{"name":"W2","hasAvatar":false}}],"rotation":0,"idxInAll35":2}]
Dec 04, 2019 8:49:41 AM ProxyPlayer updateBoard
INFO: >> To [bob]: Referee has sent you updated board state
Dec 04, 2019 8:49:41 AM ProxyPlayer updateBoard
INFO: >> To [bob]:  Board JSON - {"grid":[[null,null,null,null,null,null,null,null,null,null],[null,null,null,null,null,null,null,null,null,null],[null,null,null,null,null,null,null,null,null,null],[null,null,null,null,null,null,null,null,null,null],[null,null,null,null,null,null,null,null,null,null],[null,null,null,null,null,null,null,null,null,null],[null,null,null,null,null,null,null,null,null,null],[null,null,null,null,null,null,null,null,null,null],[null,null,null,null,null,null,null,null,null,null],[null,null,null,null,null,null,null,null,null,null]]}
Dec 04, 2019 8:49:41 AM ProxyPlayer sendHand
INFO: >> To [bob]: Referee has sent you hand for the next round
Dec 04, 2019 8:49:41 AM ProxyPlayer sendHand
INFO: >> To [bob]: [{"paths":[{"fst":{"name":"S2","hasAvatar":false},"snd":{"name":"S1","hasAvatar":false}},{"fst":{"name":"E2","hasAvatar":false},"snd":{"name":"E1","hasAvatar":false}},{"fst":{"name":"N2","hasAvatar":false},"snd":{"name":"N1","hasAvatar":false}},{"fst":{"name":"W2","hasAvatar":false},"snd":{"name":"W1","hasAvatar":false}}],"rotation":0,"idxInAll35":0},{"paths":[{"fst":{"name":"S2","hasAvatar":false},"snd":{"name":"S1","hasAvatar":false}},{"fst":{"name":"E2","hasAvatar":false},"snd":{"name":"E1","hasAvatar":false}},{"fst":{"name":"N2","hasAvatar":false},"snd":{"name":"W2","hasAvatar":false}},{"fst":{"name":"N1","hasAvatar":false},"snd":{"name":"W1","hasAvatar":false}}],"rotation":0,"idxInAll35":1},{"paths":[{"fst":{"name":"S2","hasAvatar":false},"snd":{"name":"S1","hasAvatar":false}},{"fst":{"name":"E2","hasAvatar":false},"snd":{"name":"E1","hasAvatar":false}},{"fst":{"name":"N2","hasAvatar":false},"snd":{"name":"W1","hasAvatar":false}},{"fst":{"name":"N1","hasAvatar":false},"snd":{"name":"W2","hasAvatar":false}}],"rotation":0,"idxInAll35":2}]
Dec 04, 2019 8:49:41 AM ProxyPlayer provideInitPlacement
INFO: >> To [bob]: Provide initial placement
Dec 04, 2019 8:49:41 AM ProxyPlayer provideInitPlacement
INFO: << From [bob]: [2,0,"white","W1",0,0]
Dec 04, 2019 8:49:41 AM ProxyPlayer setAvatar
INFO: >> To [bob]: Referee assigned you an avatar with WHITE color
Dec 04, 2019 8:49:41 AM ProxyPlayer setAvatar
INFO: >> To [bob]: {"pos":{"x":0,"y":0},"currentPort":"N2","color":"WHITE","exited":false}
Dec 04, 2019 8:49:41 AM ProxyPlayer sendHand
INFO: >> To [mary]: Referee has sent you hand for the next round
Dec 04, 2019 8:49:41 AM ProxyPlayer sendHand
INFO: >> To [mary]: [{"paths":[{"fst":{"name":"S2","hasAvatar":false},"snd":{"name":"S1","hasAvatar":false}},{"fst":{"name":"E2","hasAvatar":false},"snd":{"name":"N2","hasAvatar":false}},{"fst":{"name":"E1","hasAvatar":false},"snd":{"name":"W2","hasAvatar":false}},{"fst":{"name":"N1","hasAvatar":false},"snd":{"name":"W1","hasAvatar":false}}],"rotation":0,"idxInAll35":3},{"paths":[{"fst":{"name":"S2","hasAvatar":false},"snd":{"name":"S1","hasAvatar":false}},{"fst":{"name":"E2","hasAvatar":false},"snd":{"name":"N2","hasAvatar":false}},{"fst":{"name":"E1","hasAvatar":false},"snd":{"name":"W1","hasAvatar":false}},{"fst":{"name":"N1","hasAvatar":false},"snd":{"name":"W2","hasAvatar":false}}],"rotation":0,"idxInAll35":4},{"paths":[{"fst":{"name":"S2","hasAvatar":false},"snd":{"name":"S1","hasAvatar":false}},{"fst":{"name":"E2","hasAvatar":false},"snd":{"name":"N1","hasAvatar":false}},{"fst":{"name":"E1","hasAvatar":false},"snd":{"name":"W2","hasAvatar":false}},{"fst":{"name":"N2","hasAvatar":false},"snd":{"name":"W1","hasAvatar":false}}],"rotation":0,"idxInAll35":5}]
Dec 04, 2019 8:49:41 AM ProxyPlayer updateBoard
INFO: >> To [mary]: Referee has sent you updated board state
Dec 04, 2019 8:49:41 AM ProxyPlayer updateBoard
INFO: >> To [mary]:  Board JSON - {"grid":[[{"paths":[{"fst":{"name":"S2","hasAvatar":false},"snd":{"name":"S1","hasAvatar":false}},{"fst":{"name":"E2","hasAvatar":false},"snd":{"name":"E1","hasAvatar":false}},{"fst":{"name":"N2","avatar":{"pos":{"x":0,"y":0},"currentPort":"N2","color":"WHITE","exited":false},"hasAvatar":true},"snd":{"name":"W1","hasAvatar":false}},{"fst":{"name":"N1","hasAvatar":false},"snd":{"name":"W2","hasAvatar":false}}],"rotation":0,"idxInAll35":2},null,null,null,null,null,null,null,null,null],[null,null,null,null,null,null,null,null,null,null],[null,null,null,null,null,null,null,null,null,null],[null,null,null,null,null,null,null,null,null,null],[null,null,null,null,null,null,null,null,null,null],[null,null,null,null,null,null,null,null,null,null],[null,null,null,null,null,null,null,null,null,null],[null,null,null,null,null,null,null,null,null,null],[null,null,null,null,null,null,null,null,null,null],[null,null,null,null,null,null,null,null,null,null]]}
Dec 04, 2019 8:49:41 AM ProxyPlayer sendHand
INFO: >> To [mary]: Referee has sent you hand for the next round
Dec 04, 2019 8:49:41 AM ProxyPlayer sendHand
INFO: >> To [mary]: [{"paths":[{"fst":{"name":"S2","hasAvatar":false},"snd":{"name":"S1","hasAvatar":false}},{"fst":{"name":"E2","hasAvatar":false},"snd":{"name":"N2","hasAvatar":false}},{"fst":{"name":"E1","hasAvatar":false},"snd":{"name":"W2","hasAvatar":false}},{"fst":{"name":"N1","hasAvatar":false},"snd":{"name":"W1","hasAvatar":false}}],"rotation":0,"idxInAll35":3},{"paths":[{"fst":{"name":"S2","hasAvatar":false},"snd":{"name":"S1","hasAvatar":false}},{"fst":{"name":"E2","hasAvatar":false},"snd":{"name":"N2","hasAvatar":false}},{"fst":{"name":"E1","hasAvatar":false},"snd":{"name":"W1","hasAvatar":false}},{"fst":{"name":"N1","hasAvatar":false},"snd":{"name":"W2","hasAvatar":false}}],"rotation":0,"idxInAll35":4},{"paths":[{"fst":{"name":"S2","hasAvatar":false},"snd":{"name":"S1","hasAvatar":false}},{"fst":{"name":"E2","hasAvatar":false},"snd":{"name":"N1","hasAvatar":false}},{"fst":{"name":"E1","hasAvatar":false},"snd":{"name":"W2","hasAvatar":false}},{"fst":{"name":"N2","hasAvatar":false},"snd":{"name":"W1","hasAvatar":false}}],"rotation":0,"idxInAll35":5}]
Dec 04, 2019 8:49:41 AM ProxyPlayer provideInitPlacement
INFO: >> To [mary]: Provide initial placement
Dec 04, 2019 8:49:41 AM ProxyPlayer provideInitPlacement
INFO: << From [mary]: [5,0,"black","W1",0,2]
Dec 04, 2019 8:49:41 AM ProxyPlayer setAvatar
INFO: >> To [mary]: Referee assigned you an avatar with BLACK color
Dec 04, 2019 8:49:41 AM ProxyPlayer setAvatar
INFO: >> To [mary]: {"pos":{"x":0,"y":2},"currentPort":"N2","color":"BLACK","exited":false}
Dec 04, 2019 8:49:41 AM ProxyPlayer sendHand
INFO: >> To [alice]: Referee has sent you hand for the next round
Dec 04, 2019 8:49:41 AM ProxyPlayer sendHand
INFO: >> To [alice]: [{"paths":[{"fst":{"name":"S2","hasAvatar":false},"snd":{"name":"S1","hasAvatar":false}},{"fst":{"name":"E2","hasAvatar":false},"snd":{"name":"N1","hasAvatar":false}},{"fst":{"name":"E1","hasAvatar":false},"snd":{"name":"W1","hasAvatar":false}},{"fst":{"name":"N2","hasAvatar":false},"snd":{"name":"W2","hasAvatar":false}}],"rotation":0,"idxInAll35":6},{"paths":[{"fst":{"name":"S2","hasAvatar":false},"snd":{"name":"S1","hasAvatar":false}},{"fst":{"name":"E2","hasAvatar":false},"snd":{"name":"W2","hasAvatar":false}},{"fst":{"name":"E1","hasAvatar":false},"snd":{"name":"N2","hasAvatar":false}},{"fst":{"name":"N1","hasAvatar":false},"snd":{"name":"W1","hasAvatar":false}}],"rotation":0,"idxInAll35":7},{"paths":[{"fst":{"name":"S2","hasAvatar":false},"snd":{"name":"S1","hasAvatar":false}},{"fst":{"name":"E2","hasAvatar":false},"snd":{"name":"W2","hasAvatar":false}},{"fst":{"name":"E1","hasAvatar":false},"snd":{"name":"N1","hasAvatar":false}},{"fst":{"name":"N2","hasAvatar":false},"snd":{"name":"W1","hasAvatar":false}}],"rotation":0,"idxInAll35":8}]
Dec 04, 2019 8:49:41 AM ProxyPlayer updateBoard
INFO: >> To [alice]: Referee has sent you updated board state
Dec 04, 2019 8:49:41 AM ProxyPlayer updateBoard
INFO: >> To [alice]:  Board JSON - {"grid":[[{"paths":[{"fst":{"name":"S2","hasAvatar":false},"snd":{"name":"S1","hasAvatar":false}},{"fst":{"name":"E2","hasAvatar":false},"snd":{"name":"E1","hasAvatar":false}},{"fst":{"name":"N2","avatar":{"pos":{"x":0,"y":0},"currentPort":"N2","color":"WHITE","exited":false},"hasAvatar":true},"snd":{"name":"W1","hasAvatar":false}},{"fst":{"name":"N1","hasAvatar":false},"snd":{"name":"W2","hasAvatar":false}}],"rotation":0,"idxInAll35":2},null,{"paths":[{"fst":{"name":"S2","hasAvatar":false},"snd":{"name":"S1","hasAvatar":false}},{"fst":{"name":"E2","hasAvatar":false},"snd":{"name":"N1","hasAvatar":false}},{"fst":{"name":"E1","hasAvatar":false},"snd":{"name":"W2","hasAvatar":false}},{"fst":{"name":"N2","avatar":{"pos":{"x":0,"y":2},"currentPort":"N2","color":"BLACK","exited":false},"hasAvatar":true},"snd":{"name":"W1","hasAvatar":false}}],"rotation":0,"idxInAll35":5},null,null,null,null,null,null,null],[null,null,null,null,null,null,null,null,null,null],[null,null,null,null,null,null,null,null,null,null],[null,null,null,null,null,null,null,null,null,null],[null,null,null,null,null,null,null,null,null,null],[null,null,null,null,null,null,null,null,null,null],[null,null,null,null,null,null,null,null,null,null],[null,null,null,null,null,null,null,null,null,null],[null,null,null,null,null,null,null,null,null,null],[null,null,null,null,null,null,null,null,null,null]]}
Dec 04, 2019 8:49:41 AM ProxyPlayer sendHand
INFO: >> To [alice]: Referee has sent you hand for the next round
Dec 04, 2019 8:49:41 AM ProxyPlayer sendHand
INFO: >> To [alice]: [{"paths":[{"fst":{"name":"S2","hasAvatar":false},"snd":{"name":"S1","hasAvatar":false}},{"fst":{"name":"E2","hasAvatar":false},"snd":{"name":"N1","hasAvatar":false}},{"fst":{"name":"E1","hasAvatar":false},"snd":{"name":"W1","hasAvatar":false}},{"fst":{"name":"N2","hasAvatar":false},"snd":{"name":"W2","hasAvatar":false}}],"rotation":0,"idxInAll35":6},{"paths":[{"fst":{"name":"S2","hasAvatar":false},"snd":{"name":"S1","hasAvatar":false}},{"fst":{"name":"E2","hasAvatar":false},"snd":{"name":"W2","hasAvatar":false}},{"fst":{"name":"E1","hasAvatar":false},"snd":{"name":"N2","hasAvatar":false}},{"fst":{"name":"N1","hasAvatar":false},"snd":{"name":"W1","hasAvatar":false}}],"rotation":0,"idxInAll35":7},{"paths":[{"fst":{"name":"S2","hasAvatar":false},"snd":{"name":"S1","hasAvatar":false}},{"fst":{"name":"E2","hasAvatar":false},"snd":{"name":"W2","hasAvatar":false}},{"fst":{"name":"E1","hasAvatar":false},"snd":{"name":"N1","hasAvatar":false}},{"fst":{"name":"N2","hasAvatar":false},"snd":{"name":"W1","hasAvatar":false}}],"rotation":0,"idxInAll35":8}]
Dec 04, 2019 8:49:41 AM ProxyPlayer provideInitPlacement
INFO: >> To [alice]: Provide initial placement
Dec 04, 2019 8:49:41 AM ProxyPlayer provideInitPlacement
INFO: << From [alice]: [8,0,"red","W1",0,4]
Dec 04, 2019 8:49:41 AM ProxyPlayer setAvatar
INFO: >> To [alice]: Referee assigned you an avatar with RED color
Dec 04, 2019 8:49:41 AM ProxyPlayer setAvatar
INFO: >> To [alice]: {"pos":{"x":0,"y":4},"currentPort":"N2","color":"RED","exited":false}
Dec 04, 2019 8:49:41 AM ProxyPlayer sendHand
INFO: >> To [jack]: Referee has sent you hand for the next round
Dec 04, 2019 8:49:41 AM ProxyPlayer sendHand
INFO: >> To [jack]: [{"paths":[{"fst":{"name":"S2","hasAvatar":false},"snd":{"name":"S1","hasAvatar":false}},{"fst":{"name":"E2","hasAvatar":false},"snd":{"name":"W2","hasAvatar":false}},{"fst":{"name":"E1","hasAvatar":false},"snd":{"name":"W1","hasAvatar":false}},{"fst":{"name":"N2","hasAvatar":false},"snd":{"name":"N1","hasAvatar":false}}],"rotation":0,"idxInAll35":9},{"paths":[{"fst":{"name":"S2","hasAvatar":false},"snd":{"name":"S1","hasAvatar":false}},{"fst":{"name":"E2","hasAvatar":false},"snd":{"name":"W1","hasAvatar":false}},{"fst":{"name":"E1","hasAvatar":false},"snd":{"name":"N2","hasAvatar":false}},{"fst":{"name":"N1","hasAvatar":false},"snd":{"name":"W2","hasAvatar":false}}],"rotation":0,"idxInAll35":10},{"paths":[{"fst":{"name":"S2","hasAvatar":false},"snd":{"name":"S1","hasAvatar":false}},{"fst":{"name":"E2","hasAvatar":false},"snd":{"name":"W1","hasAvatar":false}},{"fst":{"name":"E1","hasAvatar":false},"snd":{"name":"N1","hasAvatar":false}},{"fst":{"name":"N2","hasAvatar":false},"snd":{"name":"W2","hasAvatar":false}}],"rotation":0,"idxInAll35":11}]
Dec 04, 2019 8:49:41 AM ProxyPlayer updateBoard
INFO: >> To [jack]: Referee has sent you updated board state
Dec 04, 2019 8:49:41 AM ProxyPlayer updateBoard
INFO: >> To [jack]:  Board JSON - {"grid":[[{"paths":[{"fst":{"name":"S2","hasAvatar":false},"snd":{"name":"S1","hasAvatar":false}},{"fst":{"name":"E2","hasAvatar":false},"snd":{"name":"E1","hasAvatar":false}},{"fst":{"name":"N2","avatar":{"pos":{"x":0,"y":0},"currentPort":"N2","color":"WHITE","exited":false},"hasAvatar":true},"snd":{"name":"W1","hasAvatar":false}},{"fst":{"name":"N1","hasAvatar":false},"snd":{"name":"W2","hasAvatar":false}}],"rotation":0,"idxInAll35":2},null,{"paths":[{"fst":{"name":"S2","hasAvatar":false},"snd":{"name":"S1","hasAvatar":false}},{"fst":{"name":"E2","hasAvatar":false},"snd":{"name":"N1","hasAvatar":false}},{"fst":{"name":"E1","hasAvatar":false},"snd":{"name":"W2","hasAvatar":false}},{"fst":{"name":"N2","avatar":{"pos":{"x":0,"y":2},"currentPort":"N2","color":"BLACK","exited":false},"hasAvatar":true},"snd":{"name":"W1","hasAvatar":false}}],"rotation":0,"idxInAll35":5},null,{"paths":[{"fst":{"name":"S2","hasAvatar":false},"snd":{"name":"S1","hasAvatar":false}},{"fst":{"name":"E2","hasAvatar":false},"snd":{"name":"W2","hasAvatar":false}},{"fst":{"name":"E1","hasAvatar":false},"snd":{"name":"N1","hasAvatar":false}},{"fst":{"name":"N2","avatar":{"pos":{"x":0,"y":4},"currentPort":"N2","color":"RED","exited":false},"hasAvatar":true},"snd":{"name":"W1","hasAvatar":false}}],"rotation":0,"idxInAll35":8},null,null,null,null,null],[null,null,null,null,null,null,null,null,null,null],[null,null,null,null,null,null,null,null,null,null],[null,null,null,null,null,null,null,null,null,null],[null,null,null,null,null,null,null,null,null,null],[null,null,null,null,null,null,null,null,null,null],[null,null,null,null,null,null,null,null,null,null],[null,null,null,null,null,null,null,null,null,null],[null,null,null,null,null,null,null,null,null,null],[null,null,null,null,null,null,null,null,null,null]]}
Dec 04, 2019 8:49:42 AM ProxyPlayer sendHand
INFO: >> To [jack]: Referee has sent you hand for the next round
Dec 04, 2019 8:49:42 AM ProxyPlayer sendHand
INFO: >> To [jack]: [{"paths":[{"fst":{"name":"S2","hasAvatar":false},"snd":{"name":"S1","hasAvatar":false}},{"fst":{"name":"E2","hasAvatar":false},"snd":{"name":"W2","hasAvatar":false}},{"fst":{"name":"E1","hasAvatar":false},"snd":{"name":"W1","hasAvatar":false}},{"fst":{"name":"N2","hasAvatar":false},"snd":{"name":"N1","hasAvatar":false}}],"rotation":0,"idxInAll35":9},{"paths":[{"fst":{"name":"S2","hasAvatar":false},"snd":{"name":"S1","hasAvatar":false}},{"fst":{"name":"E2","hasAvatar":false},"snd":{"name":"W1","hasAvatar":false}},{"fst":{"name":"E1","hasAvatar":false},"snd":{"name":"N2","hasAvatar":false}},{"fst":{"name":"N1","hasAvatar":false},"snd":{"name":"W2","hasAvatar":false}}],"rotation":0,"idxInAll35":10},{"paths":[{"fst":{"name":"S2","hasAvatar":false},"snd":{"name":"S1","hasAvatar":false}},{"fst":{"name":"E2","hasAvatar":false},"snd":{"name":"W1","hasAvatar":false}},{"fst":{"name":"E1","hasAvatar":false},"snd":{"name":"N1","hasAvatar":false}},{"fst":{"name":"N2","hasAvatar":false},"snd":{"name":"W2","hasAvatar":false}}],"rotation":0,"idxInAll35":11}]
Dec 04, 2019 8:49:42 AM ProxyPlayer provideInitPlacement
INFO: >> To [jack]: Provide initial placement
Dec 04, 2019 8:49:42 AM ProxyPlayer provideInitPlacement
INFO: << From [jack]: [11,0,"green","W1",0,6]
Dec 04, 2019 8:49:42 AM ProxyPlayer setAvatar
INFO: >> To [jack]: Referee assigned you an avatar with GREEN color
Dec 04, 2019 8:49:42 AM ProxyPlayer setAvatar
INFO: >> To [jack]: {"pos":{"x":0,"y":6},"currentPort":"E2","color":"GREEN","exited":false}
Dec 04, 2019 8:49:42 AM ProxyPlayer sendHand
INFO: >> To [thomas]: Referee has sent you hand for the next round
Dec 04, 2019 8:49:42 AM ProxyPlayer sendHand
INFO: >> To [thomas]: [{"paths":[{"fst":{"name":"S2","hasAvatar":false},"snd":{"name":"S1","hasAvatar":false}},{"fst":{"name":"E2","hasAvatar":false},"snd":{"name":"W1","hasAvatar":false}},{"fst":{"name":"E1","hasAvatar":false},"snd":{"name":"W2","hasAvatar":false}},{"fst":{"name":"N2","hasAvatar":false},"snd":{"name":"N1","hasAvatar":false}}],"rotation":0,"idxInAll35":12},{"paths":[{"fst":{"name":"S2","hasAvatar":false},"snd":{"name":"E2","hasAvatar":false}},{"fst":{"name":"S1","hasAvatar":false},"snd":{"name":"E1","hasAvatar":false}},{"fst":{"name":"N2","hasAvatar":false},"snd":{"name":"W2","hasAvatar":false}},{"fst":{"name":"N1","hasAvatar":false},"snd":{"name":"W1","hasAvatar":false}}],"rotation":0,"idxInAll35":13},{"paths":[{"fst":{"name":"S2","hasAvatar":false},"snd":{"name":"E2","hasAvatar":false}},{"fst":{"name":"S1","hasAvatar":false},"snd":{"name":"E1","hasAvatar":false}},{"fst":{"name":"N2","hasAvatar":false},"snd":{"name":"W1","hasAvatar":false}},{"fst":{"name":"N1","hasAvatar":false},"snd":{"name":"W2","hasAvatar":false}}],"rotation":0,"idxInAll35":14}]
Dec 04, 2019 8:49:42 AM ProxyPlayer updateBoard
INFO: >> To [thomas]: Referee has sent you updated board state
Dec 04, 2019 8:49:42 AM ProxyPlayer updateBoard
INFO: >> To [thomas]:  Board JSON - {"grid":[[{"paths":[{"fst":{"name":"S2","hasAvatar":false},"snd":{"name":"S1","hasAvatar":false}},{"fst":{"name":"E2","hasAvatar":false},"snd":{"name":"E1","hasAvatar":false}},{"fst":{"name":"N2","avatar":{"pos":{"x":0,"y":0},"currentPort":"N2","color":"WHITE","exited":false},"hasAvatar":true},"snd":{"name":"W1","hasAvatar":false}},{"fst":{"name":"N1","hasAvatar":false},"snd":{"name":"W2","hasAvatar":false}}],"rotation":0,"idxInAll35":2},null,{"paths":[{"fst":{"name":"S2","hasAvatar":false},"snd":{"name":"S1","hasAvatar":false}},{"fst":{"name":"E2","hasAvatar":false},"snd":{"name":"N1","hasAvatar":false}},{"fst":{"name":"E1","hasAvatar":false},"snd":{"name":"W2","hasAvatar":false}},{"fst":{"name":"N2","avatar":{"pos":{"x":0,"y":2},"currentPort":"N2","color":"BLACK","exited":false},"hasAvatar":true},"snd":{"name":"W1","hasAvatar":false}}],"rotation":0,"idxInAll35":5},null,{"paths":[{"fst":{"name":"S2","hasAvatar":false},"snd":{"name":"S1","hasAvatar":false}},{"fst":{"name":"E2","hasAvatar":false},"snd":{"name":"W2","hasAvatar":false}},{"fst":{"name":"E1","hasAvatar":false},"snd":{"name":"N1","hasAvatar":false}},{"fst":{"name":"N2","avatar":{"pos":{"x":0,"y":4},"currentPort":"N2","color":"RED","exited":false},"hasAvatar":true},"snd":{"name":"W1","hasAvatar":false}}],"rotation":0,"idxInAll35":8},null,{"paths":[{"fst":{"name":"S2","hasAvatar":false},"snd":{"name":"S1","hasAvatar":false}},{"fst":{"name":"E2","avatar":{"pos":{"x":0,"y":6},"currentPort":"E2","color":"GREEN","exited":false},"hasAvatar":true},"snd":{"name":"W1","hasAvatar":false}},{"fst":{"name":"E1","hasAvatar":false},"snd":{"name":"N1","hasAvatar":false}},{"fst":{"name":"N2","hasAvatar":false},"snd":{"name":"W2","hasAvatar":false}}],"rotation":0,"idxInAll35":11},null,null,null],[null,null,null,null,null,null,null,null,null,null],[null,null,null,null,null,null,null,null,null,null],[null,null,null,null,null,null,null,null,null,null],[null,null,null,null,null,null,null,null,null,null],[null,null,null,null,null,null,null,null,null,null],[null,null,null,null,null,null,null,null,null,null],[null,null,null,null,null,null,null,null,null,null],[null,null,null,null,null,null,null,null,null,null],[null,null,null,null,null,null,null,null,null,null]]}
Dec 04, 2019 8:49:42 AM ProxyPlayer sendHand
INFO: >> To [thomas]: Referee has sent you hand for the next round
Dec 04, 2019 8:49:42 AM ProxyPlayer sendHand
INFO: >> To [thomas]: [{"paths":[{"fst":{"name":"S2","hasAvatar":false},"snd":{"name":"S1","hasAvatar":false}},{"fst":{"name":"E2","hasAvatar":false},"snd":{"name":"W1","hasAvatar":false}},{"fst":{"name":"E1","hasAvatar":false},"snd":{"name":"W2","hasAvatar":false}},{"fst":{"name":"N2","hasAvatar":false},"snd":{"name":"N1","hasAvatar":false}}],"rotation":0,"idxInAll35":12},{"paths":[{"fst":{"name":"S2","hasAvatar":false},"snd":{"name":"E2","hasAvatar":false}},{"fst":{"name":"S1","hasAvatar":false},"snd":{"name":"E1","hasAvatar":false}},{"fst":{"name":"N2","hasAvatar":false},"snd":{"name":"W2","hasAvatar":false}},{"fst":{"name":"N1","hasAvatar":false},"snd":{"name":"W1","hasAvatar":false}}],"rotation":0,"idxInAll35":13},{"paths":[{"fst":{"name":"S2","hasAvatar":false},"snd":{"name":"E2","hasAvatar":false}},{"fst":{"name":"S1","hasAvatar":false},"snd":{"name":"E1","hasAvatar":false}},{"fst":{"name":"N2","hasAvatar":false},"snd":{"name":"W1","hasAvatar":false}},{"fst":{"name":"N1","hasAvatar":false},"snd":{"name":"W2","hasAvatar":false}}],"rotation":0,"idxInAll35":14}]
Dec 04, 2019 8:49:42 AM ProxyPlayer provideInitPlacement
INFO: >> To [thomas]: Provide initial placement
Dec 04, 2019 8:49:42 AM ProxyPlayer provideInitPlacement
INFO: << From [thomas]: [14,0,"blue","W1",0,8]
Dec 04, 2019 8:49:42 AM ProxyPlayer setAvatar
INFO: >> To [thomas]: Referee assigned you an avatar with BLUE color
Dec 04, 2019 8:49:42 AM ProxyPlayer setAvatar
INFO: >> To [thomas]: {"pos":{"x":0,"y":8},"currentPort":"N2","color":"BLUE","exited":false}
Dec 04, 2019 8:49:42 AM ProxyPlayer sendHand
INFO: >> To [bob]: Referee has sent you hand for the next round
Dec 04, 2019 8:49:42 AM ProxyPlayer sendHand
INFO: >> To [bob]: [{"paths":[{"fst":{"name":"S2","hasAvatar":false},"snd":{"name":"E2","hasAvatar":false}},{"fst":{"name":"S1","hasAvatar":false},"snd":{"name":"N2","hasAvatar":false}},{"fst":{"name":"E1","hasAvatar":false},"snd":{"name":"W2","hasAvatar":false}},{"fst":{"name":"N1","hasAvatar":false},"snd":{"name":"W1","hasAvatar":false}}],"rotation":0,"idxInAll35":15},{"paths":[{"fst":{"name":"S2","hasAvatar":false},"snd":{"name":"E2","hasAvatar":false}},{"fst":{"name":"S1","hasAvatar":false},"snd":{"name":"N2","hasAvatar":false}},{"fst":{"name":"E1","hasAvatar":false},"snd":{"name":"W1","hasAvatar":false}},{"fst":{"name":"N1","hasAvatar":false},"snd":{"name":"W2","hasAvatar":false}}],"rotation":0,"idxInAll35":16}]
Dec 04, 2019 8:49:42 AM ProxyPlayer updateBoard
INFO: >> To [bob]: Referee has sent you updated board state
Dec 04, 2019 8:49:42 AM ProxyPlayer updateBoard
INFO: >> To [bob]:  Board JSON - {"grid":[[{"paths":[{"fst":{"name":"S2","hasAvatar":false},"snd":{"name":"S1","hasAvatar":false}},{"fst":{"name":"E2","hasAvatar":false},"snd":{"name":"E1","hasAvatar":false}},{"fst":{"name":"N2","avatar":{"pos":{"x":0,"y":0},"currentPort":"N2","color":"WHITE","exited":false},"hasAvatar":true},"snd":{"name":"W1","hasAvatar":false}},{"fst":{"name":"N1","hasAvatar":false},"snd":{"name":"W2","hasAvatar":false}}],"rotation":0,"idxInAll35":2},null,{"paths":[{"fst":{"name":"S2","hasAvatar":false},"snd":{"name":"S1","hasAvatar":false}},{"fst":{"name":"E2","hasAvatar":false},"snd":{"name":"N1","hasAvatar":false}},{"fst":{"name":"E1","hasAvatar":false},"snd":{"name":"W2","hasAvatar":false}},{"fst":{"name":"N2","avatar":{"pos":{"x":0,"y":2},"currentPort":"N2","color":"BLACK","exited":false},"hasAvatar":true},"snd":{"name":"W1","hasAvatar":false}}],"rotation":0,"idxInAll35":5},null,{"paths":[{"fst":{"name":"S2","hasAvatar":false},"snd":{"name":"S1","hasAvatar":false}},{"fst":{"name":"E2","hasAvatar":false},"snd":{"name":"W2","hasAvatar":false}},{"fst":{"name":"E1","hasAvatar":false},"snd":{"name":"N1","hasAvatar":false}},{"fst":{"name":"N2","avatar":{"pos":{"x":0,"y":4},"currentPort":"N2","color":"RED","exited":false},"hasAvatar":true},"snd":{"name":"W1","hasAvatar":false}}],"rotation":0,"idxInAll35":8},null,{"paths":[{"fst":{"name":"S2","hasAvatar":false},"snd":{"name":"S1","hasAvatar":false}},{"fst":{"name":"E2","avatar":{"pos":{"x":0,"y":6},"currentPort":"E2","color":"GREEN","exited":false},"hasAvatar":true},"snd":{"name":"W1","hasAvatar":false}},{"fst":{"name":"E1","hasAvatar":false},"snd":{"name":"N1","hasAvatar":false}},{"fst":{"name":"N2","hasAvatar":false},"snd":{"name":"W2","hasAvatar":false}}],"rotation":0,"idxInAll35":11},null,{"paths":[{"fst":{"name":"S2","hasAvatar":false},"snd":{"name":"E2","hasAvatar":false}},{"fst":{"name":"S1","hasAvatar":false},"snd":{"name":"E1","hasAvatar":false}},{"fst":{"name":"N2","avatar":{"pos":{"x":0,"y":8},"currentPort":"N2","color":"BLUE","exited":false},"hasAvatar":true},"snd":{"name":"W1","hasAvatar":false}},{"fst":{"name":"N1","hasAvatar":false},"snd":{"name":"W2","hasAvatar":false}}],"rotation":0,"idxInAll35":14},null],[null,null,null,null,null,null,null,null,null,null],[null,null,null,null,null,null,null,null,null,null],[null,null,null,null,null,null,null,null,null,null],[null,null,null,null,null,null,null,null,null,null],[null,null,null,null,null,null,null,null,null,null],[null,null,null,null,null,null,null,null,null,null],[null,null,null,null,null,null,null,null,null,null],[null,null,null,null,null,null,null,null,null,null],[null,null,null,null,null,null,null,null,null,null]]}
Dec 04, 2019 8:49:42 AM ProxyPlayer sendHand
INFO: >> To [bob]: Referee has sent you hand for the next round
Dec 04, 2019 8:49:42 AM ProxyPlayer sendHand
INFO: >> To [bob]: [{"paths":[{"fst":{"name":"S2","hasAvatar":false},"snd":{"name":"E2","hasAvatar":false}},{"fst":{"name":"S1","hasAvatar":false},"snd":{"name":"N2","hasAvatar":false}},{"fst":{"name":"E1","hasAvatar":false},"snd":{"name":"W2","hasAvatar":false}},{"fst":{"name":"N1","hasAvatar":false},"snd":{"name":"W1","hasAvatar":false}}],"rotation":0,"idxInAll35":15},{"paths":[{"fst":{"name":"S2","hasAvatar":false},"snd":{"name":"E2","hasAvatar":false}},{"fst":{"name":"S1","hasAvatar":false},"snd":{"name":"N2","hasAvatar":false}},{"fst":{"name":"E1","hasAvatar":false},"snd":{"name":"W1","hasAvatar":false}},{"fst":{"name":"N1","hasAvatar":false},"snd":{"name":"W2","hasAvatar":false}}],"rotation":0,"idxInAll35":16}]
Dec 04, 2019 8:49:42 AM ProxyPlayer provideInterPlacement
INFO: >> To [bob]: Provide intermediate placement
Dec 04, 2019 8:49:42 AM ProxyPlayer provideInterPlacement
INFO: << From [bob]: ["white",15,0,0,1]
Dec 04, 2019 8:49:42 AM ProxyPlayer setKicked
INFO: >> To [bob]: You made an illegal move and were kicked from the game!
Dec 04, 2019 8:49:42 AM ProxyPlayer sendHand
INFO: >> To [mary]: Referee has sent you hand for the next round
Dec 04, 2019 8:49:42 AM ProxyPlayer sendHand
INFO: >> To [mary]: [{"paths":[{"fst":{"name":"S2","hasAvatar":false},"snd":{"name":"E2","hasAvatar":false}},{"fst":{"name":"S1","hasAvatar":false},"snd":{"name":"N1","hasAvatar":false}},{"fst":{"name":"E1","hasAvatar":false},"snd":{"name":"W2","hasAvatar":false}},{"fst":{"name":"N2","hasAvatar":false},"snd":{"name":"W1","hasAvatar":false}}],"rotation":0,"idxInAll35":17},{"paths":[{"fst":{"name":"S2","hasAvatar":false},"snd":{"name":"E2","hasAvatar":false}},{"fst":{"name":"S1","hasAvatar":false},"snd":{"name":"N1","hasAvatar":false}},{"fst":{"name":"E1","hasAvatar":false},"snd":{"name":"W1","hasAvatar":false}},{"fst":{"name":"N2","hasAvatar":false},"snd":{"name":"W2","hasAvatar":false}}],"rotation":0,"idxInAll35":18}]
Dec 04, 2019 8:49:42 AM ProxyPlayer updateBoard
INFO: >> To [mary]: Referee has sent you updated board state
Dec 04, 2019 8:49:42 AM ProxyPlayer updateBoard
INFO: >> To [mary]:  Board JSON - {"grid":[[{"paths":[{"fst":{"name":"S2","hasAvatar":false},"snd":{"name":"S1","hasAvatar":false}},{"fst":{"name":"E2","hasAvatar":false},"snd":{"name":"E1","hasAvatar":false}},{"fst":{"name":"N2","avatar":{"pos":{"x":0,"y":0},"currentPort":"N2","color":"WHITE","exited":false},"hasAvatar":true},"snd":{"name":"W1","hasAvatar":false}},{"fst":{"name":"N1","hasAvatar":false},"snd":{"name":"W2","hasAvatar":false}}],"rotation":0,"idxInAll35":2},null,{"paths":[{"fst":{"name":"S2","hasAvatar":false},"snd":{"name":"S1","hasAvatar":false}},{"fst":{"name":"E2","hasAvatar":false},"snd":{"name":"N1","hasAvatar":false}},{"fst":{"name":"E1","hasAvatar":false},"snd":{"name":"W2","hasAvatar":false}},{"fst":{"name":"N2","avatar":{"pos":{"x":0,"y":2},"currentPort":"N2","color":"BLACK","exited":false},"hasAvatar":true},"snd":{"name":"W1","hasAvatar":false}}],"rotation":0,"idxInAll35":5},null,{"paths":[{"fst":{"name":"S2","hasAvatar":false},"snd":{"name":"S1","hasAvatar":false}},{"fst":{"name":"E2","hasAvatar":false},"snd":{"name":"W2","hasAvatar":false}},{"fst":{"name":"E1","hasAvatar":false},"snd":{"name":"N1","hasAvatar":false}},{"fst":{"name":"N2","avatar":{"pos":{"x":0,"y":4},"currentPort":"N2","color":"RED","exited":false},"hasAvatar":true},"snd":{"name":"W1","hasAvatar":false}}],"rotation":0,"idxInAll35":8},null,{"paths":[{"fst":{"name":"S2","hasAvatar":false},"snd":{"name":"S1","hasAvatar":false}},{"fst":{"name":"E2","avatar":{"pos":{"x":0,"y":6},"currentPort":"E2","color":"GREEN","exited":false},"hasAvatar":true},"snd":{"name":"W1","hasAvatar":false}},{"fst":{"name":"E1","hasAvatar":false},"snd":{"name":"N1","hasAvatar":false}},{"fst":{"name":"N2","hasAvatar":false},"snd":{"name":"W2","hasAvatar":false}}],"rotation":0,"idxInAll35":11},null,{"paths":[{"fst":{"name":"S2","hasAvatar":false},"snd":{"name":"E2","hasAvatar":false}},{"fst":{"name":"S1","hasAvatar":false},"snd":{"name":"E1","hasAvatar":false}},{"fst":{"name":"N2","avatar":{"pos":{"x":0,"y":8},"currentPort":"N2","color":"BLUE","exited":false},"hasAvatar":true},"snd":{"name":"W1","hasAvatar":false}},{"fst":{"name":"N1","hasAvatar":false},"snd":{"name":"W2","hasAvatar":false}}],"rotation":0,"idxInAll35":14},null],[null,null,null,null,null,null,null,null,null,null],[null,null,null,null,null,null,null,null,null,null],[null,null,null,null,null,null,null,null,null,null],[null,null,null,null,null,null,null,null,null,null],[null,null,null,null,null,null,null,null,null,null],[null,null,null,null,null,null,null,null,null,null],[null,null,null,null,null,null,null,null,null,null],[null,null,null,null,null,null,null,null,null,null],[null,null,null,null,null,null,null,null,null,null]]}
Dec 04, 2019 8:49:42 AM ProxyPlayer sendHand
INFO: >> To [mary]: Referee has sent you hand for the next round
Dec 04, 2019 8:49:42 AM ProxyPlayer sendHand
INFO: >> To [mary]: [{"paths":[{"fst":{"name":"S2","hasAvatar":false},"snd":{"name":"E2","hasAvatar":false}},{"fst":{"name":"S1","hasAvatar":false},"snd":{"name":"N1","hasAvatar":false}},{"fst":{"name":"E1","hasAvatar":false},"snd":{"name":"W2","hasAvatar":false}},{"fst":{"name":"N2","hasAvatar":false},"snd":{"name":"W1","hasAvatar":false}}],"rotation":0,"idxInAll35":17},{"paths":[{"fst":{"name":"S2","hasAvatar":false},"snd":{"name":"E2","hasAvatar":false}},{"fst":{"name":"S1","hasAvatar":false},"snd":{"name":"N1","hasAvatar":false}},{"fst":{"name":"E1","hasAvatar":false},"snd":{"name":"W1","hasAvatar":false}},{"fst":{"name":"N2","hasAvatar":false},"snd":{"name":"W2","hasAvatar":false}}],"rotation":0,"idxInAll35":18}]
Dec 04, 2019 8:49:42 AM ProxyPlayer provideInterPlacement
INFO: >> To [mary]: Provide intermediate placement
Dec 04, 2019 8:49:42 AM ProxyPlayer provideInterPlacement
INFO: << From [mary]: ["black",17,0,0,3]
Dec 04, 2019 8:49:42 AM ProxyPlayer setKicked
INFO: >> To [mary]: You made an illegal move and were kicked from the game!
Dec 04, 2019 8:49:42 AM ProxyPlayer sendHand
INFO: >> To [alice]: Referee has sent you hand for the next round
Dec 04, 2019 8:49:42 AM ProxyPlayer sendHand
INFO: >> To [alice]: [{"paths":[{"fst":{"name":"S2","hasAvatar":false},"snd":{"name":"E2","hasAvatar":false}},{"fst":{"name":"S1","hasAvatar":false},"snd":{"name":"W2","hasAvatar":false}},{"fst":{"name":"E1","hasAvatar":false},"snd":{"name":"N2","hasAvatar":false}},{"fst":{"name":"N1","hasAvatar":false},"snd":{"name":"W1","hasAvatar":false}}],"rotation":0,"idxInAll35":19},{"paths":[{"fst":{"name":"S2","hasAvatar":false},"snd":{"name":"E2","hasAvatar":false}},{"fst":{"name":"S1","hasAvatar":false},"snd":{"name":"W2","hasAvatar":false}},{"fst":{"name":"E1","hasAvatar":false},"snd":{"name":"N1","hasAvatar":false}},{"fst":{"name":"N2","hasAvatar":false},"snd":{"name":"W1","hasAvatar":false}}],"rotation":0,"idxInAll35":20}]
Dec 04, 2019 8:49:42 AM ProxyPlayer updateBoard
INFO: >> To [alice]: Referee has sent you updated board state
Dec 04, 2019 8:49:42 AM ProxyPlayer updateBoard
INFO: >> To [alice]:  Board JSON - {"grid":[[{"paths":[{"fst":{"name":"S2","hasAvatar":false},"snd":{"name":"S1","hasAvatar":false}},{"fst":{"name":"E2","hasAvatar":false},"snd":{"name":"E1","hasAvatar":false}},{"fst":{"name":"N2","avatar":{"pos":{"x":0,"y":0},"currentPort":"N2","color":"WHITE","exited":false},"hasAvatar":true},"snd":{"name":"W1","hasAvatar":false}},{"fst":{"name":"N1","hasAvatar":false},"snd":{"name":"W2","hasAvatar":false}}],"rotation":0,"idxInAll35":2},null,{"paths":[{"fst":{"name":"S2","hasAvatar":false},"snd":{"name":"S1","hasAvatar":false}},{"fst":{"name":"E2","hasAvatar":false},"snd":{"name":"N1","hasAvatar":false}},{"fst":{"name":"E1","hasAvatar":false},"snd":{"name":"W2","hasAvatar":false}},{"fst":{"name":"N2","avatar":{"pos":{"x":0,"y":2},"currentPort":"N2","color":"BLACK","exited":false},"hasAvatar":true},"snd":{"name":"W1","hasAvatar":false}}],"rotation":0,"idxInAll35":5},null,{"paths":[{"fst":{"name":"S2","hasAvatar":false},"snd":{"name":"S1","hasAvatar":false}},{"fst":{"name":"E2","hasAvatar":false},"snd":{"name":"W2","hasAvatar":false}},{"fst":{"name":"E1","hasAvatar":false},"snd":{"name":"N1","hasAvatar":false}},{"fst":{"name":"N2","avatar":{"pos":{"x":0,"y":4},"currentPort":"N2","color":"RED","exited":false},"hasAvatar":true},"snd":{"name":"W1","hasAvatar":false}}],"rotation":0,"idxInAll35":8},null,{"paths":[{"fst":{"name":"S2","hasAvatar":false},"snd":{"name":"S1","hasAvatar":false}},{"fst":{"name":"E2","avatar":{"pos":{"x":0,"y":6},"currentPort":"E2","color":"GREEN","exited":false},"hasAvatar":true},"snd":{"name":"W1","hasAvatar":false}},{"fst":{"name":"E1","hasAvatar":false},"snd":{"name":"N1","hasAvatar":false}},{"fst":{"name":"N2","hasAvatar":false},"snd":{"name":"W2","hasAvatar":false}}],"rotation":0,"idxInAll35":11},null,{"paths":[{"fst":{"name":"S2","hasAvatar":false},"snd":{"name":"E2","hasAvatar":false}},{"fst":{"name":"S1","hasAvatar":false},"snd":{"name":"E1","hasAvatar":false}},{"fst":{"name":"N2","avatar":{"pos":{"x":0,"y":8},"currentPort":"N2","color":"BLUE","exited":false},"hasAvatar":true},"snd":{"name":"W1","hasAvatar":false}},{"fst":{"name":"N1","hasAvatar":false},"snd":{"name":"W2","hasAvatar":false}}],"rotation":0,"idxInAll35":14},null],[null,null,null,null,null,null,null,null,null,null],[null,null,null,null,null,null,null,null,null,null],[null,null,null,null,null,null,null,null,null,null],[null,null,null,null,null,null,null,null,null,null],[null,null,null,null,null,null,null,null,null,null],[null,null,null,null,null,null,null,null,null,null],[null,null,null,null,null,null,null,null,null,null],[null,null,null,null,null,null,null,null,null,null],[null,null,null,null,null,null,null,null,null,null]]}
Dec 04, 2019 8:49:42 AM ProxyPlayer sendHand
INFO: >> To [alice]: Referee has sent you hand for the next round
Dec 04, 2019 8:49:42 AM ProxyPlayer sendHand
INFO: >> To [alice]: [{"paths":[{"fst":{"name":"S2","hasAvatar":false},"snd":{"name":"E2","hasAvatar":false}},{"fst":{"name":"S1","hasAvatar":false},"snd":{"name":"W2","hasAvatar":false}},{"fst":{"name":"E1","hasAvatar":false},"snd":{"name":"N2","hasAvatar":false}},{"fst":{"name":"N1","hasAvatar":false},"snd":{"name":"W1","hasAvatar":false}}],"rotation":0,"idxInAll35":19},{"paths":[{"fst":{"name":"S2","hasAvatar":false},"snd":{"name":"E2","hasAvatar":false}},{"fst":{"name":"S1","hasAvatar":false},"snd":{"name":"W2","hasAvatar":false}},{"fst":{"name":"E1","hasAvatar":false},"snd":{"name":"N1","hasAvatar":false}},{"fst":{"name":"N2","hasAvatar":false},"snd":{"name":"W1","hasAvatar":false}}],"rotation":0,"idxInAll35":20}]
Dec 04, 2019 8:49:42 AM ProxyPlayer provideInterPlacement
INFO: >> To [alice]: Provide intermediate placement
Dec 04, 2019 8:49:42 AM ProxyPlayer provideInterPlacement
INFO: << From [alice]: ["red",19,0,0,5]
Dec 04, 2019 8:49:42 AM ProxyPlayer setKicked
INFO: >> To [alice]: You made an illegal move and were kicked from the game!
Dec 04, 2019 8:49:42 AM ProxyPlayer sendHand
INFO: >> To [jack]: Referee has sent you hand for the next round
Dec 04, 2019 8:49:42 AM ProxyPlayer sendHand
INFO: >> To [jack]: [{"paths":[{"fst":{"name":"S2","hasAvatar":false},"snd":{"name":"E2","hasAvatar":false}},{"fst":{"name":"S1","hasAvatar":false},"snd":{"name":"W1","hasAvatar":false}},{"fst":{"name":"E1","hasAvatar":false},"snd":{"name":"N2","hasAvatar":false}},{"fst":{"name":"N1","hasAvatar":false},"snd":{"name":"W2","hasAvatar":false}}],"rotation":0,"idxInAll35":21},{"paths":[{"fst":{"name":"S2","hasAvatar":false},"snd":{"name":"E2","hasAvatar":false}},{"fst":{"name":"S1","hasAvatar":false},"snd":{"name":"W1","hasAvatar":false}},{"fst":{"name":"E1","hasAvatar":false},"snd":{"name":"N1","hasAvatar":false}},{"fst":{"name":"N2","hasAvatar":false},"snd":{"name":"W2","hasAvatar":false}}],"rotation":0,"idxInAll35":22}]
Dec 04, 2019 8:49:42 AM ProxyPlayer updateBoard
INFO: >> To [jack]: Referee has sent you updated board state
Dec 04, 2019 8:49:42 AM ProxyPlayer updateBoard
INFO: >> To [jack]:  Board JSON - {"grid":[[{"paths":[{"fst":{"name":"S2","hasAvatar":false},"snd":{"name":"S1","hasAvatar":false}},{"fst":{"name":"E2","hasAvatar":false},"snd":{"name":"E1","hasAvatar":false}},{"fst":{"name":"N2","avatar":{"pos":{"x":0,"y":0},"currentPort":"N2","color":"WHITE","exited":false},"hasAvatar":true},"snd":{"name":"W1","hasAvatar":false}},{"fst":{"name":"N1","hasAvatar":false},"snd":{"name":"W2","hasAvatar":false}}],"rotation":0,"idxInAll35":2},null,{"paths":[{"fst":{"name":"S2","hasAvatar":false},"snd":{"name":"S1","hasAvatar":false}},{"fst":{"name":"E2","hasAvatar":false},"snd":{"name":"N1","hasAvatar":false}},{"fst":{"name":"E1","hasAvatar":false},"snd":{"name":"W2","hasAvatar":false}},{"fst":{"name":"N2","avatar":{"pos":{"x":0,"y":2},"currentPort":"N2","color":"BLACK","exited":false},"hasAvatar":true},"snd":{"name":"W1","hasAvatar":false}}],"rotation":0,"idxInAll35":5},null,{"paths":[{"fst":{"name":"S2","hasAvatar":false},"snd":{"name":"S1","hasAvatar":false}},{"fst":{"name":"E2","hasAvatar":false},"snd":{"name":"W2","hasAvatar":false}},{"fst":{"name":"E1","hasAvatar":false},"snd":{"name":"N1","hasAvatar":false}},{"fst":{"name":"N2","avatar":{"pos":{"x":0,"y":4},"currentPort":"N2","color":"RED","exited":false},"hasAvatar":true},"snd":{"name":"W1","hasAvatar":false}}],"rotation":0,"idxInAll35":8},null,{"paths":[{"fst":{"name":"S2","hasAvatar":false},"snd":{"name":"S1","hasAvatar":false}},{"fst":{"name":"E2","avatar":{"pos":{"x":0,"y":6},"currentPort":"E2","color":"GREEN","exited":false},"hasAvatar":true},"snd":{"name":"W1","hasAvatar":false}},{"fst":{"name":"E1","hasAvatar":false},"snd":{"name":"N1","hasAvatar":false}},{"fst":{"name":"N2","hasAvatar":false},"snd":{"name":"W2","hasAvatar":false}}],"rotation":0,"idxInAll35":11},null,{"paths":[{"fst":{"name":"S2","hasAvatar":false},"snd":{"name":"E2","hasAvatar":false}},{"fst":{"name":"S1","hasAvatar":false},"snd":{"name":"E1","hasAvatar":false}},{"fst":{"name":"N2","avatar":{"pos":{"x":0,"y":8},"currentPort":"N2","color":"BLUE","exited":false},"hasAvatar":true},"snd":{"name":"W1","hasAvatar":false}},{"fst":{"name":"N1","hasAvatar":false},"snd":{"name":"W2","hasAvatar":false}}],"rotation":0,"idxInAll35":14},null],[null,null,null,null,null,null,null,null,null,null],[null,null,null,null,null,null,null,null,null,null],[null,null,null,null,null,null,null,null,null,null],[null,null,null,null,null,null,null,null,null,null],[null,null,null,null,null,null,null,null,null,null],[null,null,null,null,null,null,null,null,null,null],[null,null,null,null,null,null,null,null,null,null],[null,null,null,null,null,null,null,null,null,null],[null,null,null,null,null,null,null,null,null,null]]}
Dec 04, 2019 8:49:42 AM ProxyPlayer sendHand
INFO: >> To [jack]: Referee has sent you hand for the next round
Dec 04, 2019 8:49:42 AM ProxyPlayer sendHand
INFO: >> To [jack]: [{"paths":[{"fst":{"name":"S2","hasAvatar":false},"snd":{"name":"E2","hasAvatar":false}},{"fst":{"name":"S1","hasAvatar":false},"snd":{"name":"W1","hasAvatar":false}},{"fst":{"name":"E1","hasAvatar":false},"snd":{"name":"N2","hasAvatar":false}},{"fst":{"name":"N1","hasAvatar":false},"snd":{"name":"W2","hasAvatar":false}}],"rotation":0,"idxInAll35":21},{"paths":[{"fst":{"name":"S2","hasAvatar":false},"snd":{"name":"E2","hasAvatar":false}},{"fst":{"name":"S1","hasAvatar":false},"snd":{"name":"W1","hasAvatar":false}},{"fst":{"name":"E1","hasAvatar":false},"snd":{"name":"N1","hasAvatar":false}},{"fst":{"name":"N2","hasAvatar":false},"snd":{"name":"W2","hasAvatar":false}}],"rotation":0,"idxInAll35":22}]
Dec 04, 2019 8:49:42 AM ProxyPlayer provideInterPlacement
INFO: >> To [jack]: Provide intermediate placement
Dec 04, 2019 8:49:42 AM ProxyPlayer provideInterPlacement
INFO: << From [jack]: ["green",21,0,1,6]
Dec 04, 2019 8:49:42 AM ProxyPlayer setAvatar
INFO: >> To [jack]: Referee assigned you an avatar with GREEN color
Dec 04, 2019 8:49:42 AM ProxyPlayer setAvatar
INFO: >> To [jack]: {"pos":{"x":1,"y":6},"currentPort":"S1","color":"GREEN","exited":false}
Dec 04, 2019 8:49:42 AM ProxyPlayer sendHand
INFO: >> To [thomas]: Referee has sent you hand for the next round
Dec 04, 2019 8:49:42 AM ProxyPlayer sendHand
INFO: >> To [thomas]: [{"paths":[{"fst":{"name":"S2","hasAvatar":false},"snd":{"name":"E1","hasAvatar":false}},{"fst":{"name":"S1","hasAvatar":false},"snd":{"name":"E2","hasAvatar":false}},{"fst":{"name":"N2","hasAvatar":false},"snd":{"name":"W1","hasAvatar":false}},{"fst":{"name":"N1","hasAvatar":false},"snd":{"name":"W2","hasAvatar":false}}],"rotation":0,"idxInAll35":23},{"paths":[{"fst":{"name":"S2","hasAvatar":false},"snd":{"name":"E1","hasAvatar":false}},{"fst":{"name":"S1","hasAvatar":false},"snd":{"name":"N2","hasAvatar":false}},{"fst":{"name":"E2","hasAvatar":false},"snd":{"name":"W2","hasAvatar":false}},{"fst":{"name":"N1","hasAvatar":false},"snd":{"name":"W1","hasAvatar":false}}],"rotation":0,"idxInAll35":24}]
Dec 04, 2019 8:49:42 AM ProxyPlayer updateBoard
INFO: >> To [thomas]: Referee has sent you updated board state
Dec 04, 2019 8:49:42 AM ProxyPlayer updateBoard
INFO: >> To [thomas]:  Board JSON - {"grid":[[{"paths":[{"fst":{"name":"S2","hasAvatar":false},"snd":{"name":"S1","hasAvatar":false}},{"fst":{"name":"E2","hasAvatar":false},"snd":{"name":"E1","hasAvatar":false}},{"fst":{"name":"N2","avatar":{"pos":{"x":0,"y":0},"currentPort":"N2","color":"WHITE","exited":false},"hasAvatar":true},"snd":{"name":"W1","hasAvatar":false}},{"fst":{"name":"N1","hasAvatar":false},"snd":{"name":"W2","hasAvatar":false}}],"rotation":0,"idxInAll35":2},null,{"paths":[{"fst":{"name":"S2","hasAvatar":false},"snd":{"name":"S1","hasAvatar":false}},{"fst":{"name":"E2","hasAvatar":false},"snd":{"name":"N1","hasAvatar":false}},{"fst":{"name":"E1","hasAvatar":false},"snd":{"name":"W2","hasAvatar":false}},{"fst":{"name":"N2","avatar":{"pos":{"x":0,"y":2},"currentPort":"N2","color":"BLACK","exited":false},"hasAvatar":true},"snd":{"name":"W1","hasAvatar":false}}],"rotation":0,"idxInAll35":5},null,{"paths":[{"fst":{"name":"S2","hasAvatar":false},"snd":{"name":"S1","hasAvatar":false}},{"fst":{"name":"E2","hasAvatar":false},"snd":{"name":"W2","hasAvatar":false}},{"fst":{"name":"E1","hasAvatar":false},"snd":{"name":"N1","hasAvatar":false}},{"fst":{"name":"N2","avatar":{"pos":{"x":0,"y":4},"currentPort":"N2","color":"RED","exited":false},"hasAvatar":true},"snd":{"name":"W1","hasAvatar":false}}],"rotation":0,"idxInAll35":8},null,{"paths":[{"fst":{"name":"S2","hasAvatar":false},"snd":{"name":"S1","hasAvatar":false}},{"fst":{"name":"E2","hasAvatar":false},"snd":{"name":"W1","hasAvatar":false}},{"fst":{"name":"E1","hasAvatar":false},"snd":{"name":"N1","hasAvatar":false}},{"fst":{"name":"N2","hasAvatar":false},"snd":{"name":"W2","hasAvatar":false}}],"rotation":0,"idxInAll35":11},null,{"paths":[{"fst":{"name":"S2","hasAvatar":false},"snd":{"name":"E2","hasAvatar":false}},{"fst":{"name":"S1","hasAvatar":false},"snd":{"name":"E1","hasAvatar":false}},{"fst":{"name":"N2","avatar":{"pos":{"x":0,"y":8},"currentPort":"N2","color":"BLUE","exited":false},"hasAvatar":true},"snd":{"name":"W1","hasAvatar":false}},{"fst":{"name":"N1","hasAvatar":false},"snd":{"name":"W2","hasAvatar":false}}],"rotation":0,"idxInAll35":14},null],[null,null,null,null,null,null,{"paths":[{"fst":{"name":"S2","hasAvatar":false},"snd":{"name":"E2","hasAvatar":false}},{"fst":{"name":"S1","avatar":{"pos":{"x":1,"y":6},"currentPort":"S1","color":"GREEN","exited":false},"hasAvatar":true},"snd":{"name":"W1","hasAvatar":false}},{"fst":{"name":"E1","hasAvatar":false},"snd":{"name":"N2","hasAvatar":false}},{"fst":{"name":"N1","hasAvatar":false},"snd":{"name":"W2","hasAvatar":false}}],"rotation":0,"idxInAll35":21},null,null,null],[null,null,null,null,null,null,null,null,null,null],[null,null,null,null,null,null,null,null,null,null],[null,null,null,null,null,null,null,null,null,null],[null,null,null,null,null,null,null,null,null,null],[null,null,null,null,null,null,null,null,null,null],[null,null,null,null,null,null,null,null,null,null],[null,null,null,null,null,null,null,null,null,null],[null,null,null,null,null,null,null,null,null,null]]}
Dec 04, 2019 8:49:42 AM ProxyPlayer sendHand
INFO: >> To [thomas]: Referee has sent you hand for the next round
Dec 04, 2019 8:49:42 AM ProxyPlayer sendHand
INFO: >> To [thomas]: [{"paths":[{"fst":{"name":"S2","hasAvatar":false},"snd":{"name":"E1","hasAvatar":false}},{"fst":{"name":"S1","hasAvatar":false},"snd":{"name":"E2","hasAvatar":false}},{"fst":{"name":"N2","hasAvatar":false},"snd":{"name":"W1","hasAvatar":false}},{"fst":{"name":"N1","hasAvatar":false},"snd":{"name":"W2","hasAvatar":false}}],"rotation":0,"idxInAll35":23},{"paths":[{"fst":{"name":"S2","hasAvatar":false},"snd":{"name":"E1","hasAvatar":false}},{"fst":{"name":"S1","hasAvatar":false},"snd":{"name":"N2","hasAvatar":false}},{"fst":{"name":"E2","hasAvatar":false},"snd":{"name":"W2","hasAvatar":false}},{"fst":{"name":"N1","hasAvatar":false},"snd":{"name":"W1","hasAvatar":false}}],"rotation":0,"idxInAll35":24}]
Dec 04, 2019 8:49:42 AM ProxyPlayer provideInterPlacement
INFO: >> To [thomas]: Provide intermediate placement
Dec 04, 2019 8:49:42 AM ProxyPlayer provideInterPlacement
INFO: << From [thomas]: ["blue",23,0,0,9]
Dec 04, 2019 8:49:42 AM ProxyPlayer setAvatar
INFO: >> To [thomas]: Referee assigned you an avatar with BLUE color
Dec 04, 2019 8:49:42 AM ProxyPlayer setAvatar
INFO: >> To [thomas]: {"pos":{"x":0,"y":9},"currentPort":"E2","color":"BLUE","exited":false}
Dec 04, 2019 8:49:42 AM ProxyPlayer sendHand
INFO: >> To [jack]: Referee has sent you hand for the next round
Dec 04, 2019 8:49:42 AM ProxyPlayer sendHand
INFO: >> To [jack]: [{"paths":[{"fst":{"name":"S2","hasAvatar":false},"snd":{"name":"E1","hasAvatar":false}},{"fst":{"name":"S1","hasAvatar":false},"snd":{"name":"N2","hasAvatar":false}},{"fst":{"name":"E2","hasAvatar":false},"snd":{"name":"W1","hasAvatar":false}},{"fst":{"name":"N1","hasAvatar":false},"snd":{"name":"W2","hasAvatar":false}}],"rotation":0,"idxInAll35":25},{"paths":[{"fst":{"name":"S2","hasAvatar":false},"snd":{"name":"E1","hasAvatar":false}},{"fst":{"name":"S1","hasAvatar":false},"snd":{"name":"N1","hasAvatar":false}},{"fst":{"name":"E2","hasAvatar":false},"snd":{"name":"W2","hasAvatar":false}},{"fst":{"name":"N2","hasAvatar":false},"snd":{"name":"W1","hasAvatar":false}}],"rotation":0,"idxInAll35":26}]
Dec 04, 2019 8:49:42 AM ProxyPlayer updateBoard
INFO: >> To [jack]: Referee has sent you updated board state
Dec 04, 2019 8:49:42 AM ProxyPlayer updateBoard
INFO: >> To [jack]:  Board JSON - {"grid":[[{"paths":[{"fst":{"name":"S2","hasAvatar":false},"snd":{"name":"S1","hasAvatar":false}},{"fst":{"name":"E2","hasAvatar":false},"snd":{"name":"E1","hasAvatar":false}},{"fst":{"name":"N2","avatar":{"pos":{"x":0,"y":0},"currentPort":"N2","color":"WHITE","exited":false},"hasAvatar":true},"snd":{"name":"W1","hasAvatar":false}},{"fst":{"name":"N1","hasAvatar":false},"snd":{"name":"W2","hasAvatar":false}}],"rotation":0,"idxInAll35":2},null,{"paths":[{"fst":{"name":"S2","hasAvatar":false},"snd":{"name":"S1","hasAvatar":false}},{"fst":{"name":"E2","hasAvatar":false},"snd":{"name":"N1","hasAvatar":false}},{"fst":{"name":"E1","hasAvatar":false},"snd":{"name":"W2","hasAvatar":false}},{"fst":{"name":"N2","avatar":{"pos":{"x":0,"y":2},"currentPort":"N2","color":"BLACK","exited":false},"hasAvatar":true},"snd":{"name":"W1","hasAvatar":false}}],"rotation":0,"idxInAll35":5},null,{"paths":[{"fst":{"name":"S2","hasAvatar":false},"snd":{"name":"S1","hasAvatar":false}},{"fst":{"name":"E2","hasAvatar":false},"snd":{"name":"W2","hasAvatar":false}},{"fst":{"name":"E1","hasAvatar":false},"snd":{"name":"N1","hasAvatar":false}},{"fst":{"name":"N2","avatar":{"pos":{"x":0,"y":4},"currentPort":"N2","color":"RED","exited":false},"hasAvatar":true},"snd":{"name":"W1","hasAvatar":false}}],"rotation":0,"idxInAll35":8},null,{"paths":[{"fst":{"name":"S2","hasAvatar":false},"snd":{"name":"S1","hasAvatar":false}},{"fst":{"name":"E2","hasAvatar":false},"snd":{"name":"W1","hasAvatar":false}},{"fst":{"name":"E1","hasAvatar":false},"snd":{"name":"N1","hasAvatar":false}},{"fst":{"name":"N2","hasAvatar":false},"snd":{"name":"W2","hasAvatar":false}}],"rotation":0,"idxInAll35":11},null,{"paths":[{"fst":{"name":"S2","hasAvatar":false},"snd":{"name":"E2","hasAvatar":false}},{"fst":{"name":"S1","hasAvatar":false},"snd":{"name":"E1","hasAvatar":false}},{"fst":{"name":"N2","hasAvatar":false},"snd":{"name":"W1","hasAvatar":false}},{"fst":{"name":"N1","hasAvatar":false},"snd":{"name":"W2","hasAvatar":false}}],"rotation":0,"idxInAll35":14},{"paths":[{"fst":{"name":"S2","hasAvatar":false},"snd":{"name":"E1","hasAvatar":false}},{"fst":{"name":"S1","hasAvatar":false},"snd":{"name":"E2","avatar":{"pos":{"x":0,"y":9},"currentPort":"E2","color":"BLUE","exited":false},"hasAvatar":true}},{"fst":{"name":"N2","hasAvatar":false},"snd":{"name":"W1","hasAvatar":false}},{"fst":{"name":"N1","hasAvatar":false},"snd":{"name":"W2","hasAvatar":false}}],"rotation":0,"idxInAll35":23}],[null,null,null,null,null,null,{"paths":[{"fst":{"name":"S2","hasAvatar":false},"snd":{"name":"E2","hasAvatar":false}},{"fst":{"name":"S1","avatar":{"pos":{"x":1,"y":6},"currentPort":"S1","color":"GREEN","exited":false},"hasAvatar":true},"snd":{"name":"W1","hasAvatar":false}},{"fst":{"name":"E1","hasAvatar":false},"snd":{"name":"N2","hasAvatar":false}},{"fst":{"name":"N1","hasAvatar":false},"snd":{"name":"W2","hasAvatar":false}}],"rotation":0,"idxInAll35":21},null,null,null],[null,null,null,null,null,null,null,null,null,null],[null,null,null,null,null,null,null,null,null,null],[null,null,null,null,null,null,null,null,null,null],[null,null,null,null,null,null,null,null,null,null],[null,null,null,null,null,null,null,null,null,null],[null,null,null,null,null,null,null,null,null,null],[null,null,null,null,null,null,null,null,null,null],[null,null,null,null,null,null,null,null,null,null]]}
Dec 04, 2019 8:49:42 AM ProxyPlayer sendHand
INFO: >> To [jack]: Referee has sent you hand for the next round
Dec 04, 2019 8:49:42 AM ProxyPlayer sendHand
INFO: >> To [jack]: [{"paths":[{"fst":{"name":"S2","hasAvatar":false},"snd":{"name":"E1","hasAvatar":false}},{"fst":{"name":"S1","hasAvatar":false},"snd":{"name":"N2","hasAvatar":false}},{"fst":{"name":"E2","hasAvatar":false},"snd":{"name":"W1","hasAvatar":false}},{"fst":{"name":"N1","hasAvatar":false},"snd":{"name":"W2","hasAvatar":false}}],"rotation":0,"idxInAll35":25},{"paths":[{"fst":{"name":"S2","hasAvatar":false},"snd":{"name":"E1","hasAvatar":false}},{"fst":{"name":"S1","hasAvatar":false},"snd":{"name":"N1","hasAvatar":false}},{"fst":{"name":"E2","hasAvatar":false},"snd":{"name":"W2","hasAvatar":false}},{"fst":{"name":"N2","hasAvatar":false},"snd":{"name":"W1","hasAvatar":false}}],"rotation":0,"idxInAll35":26}]
Dec 04, 2019 8:49:42 AM ProxyPlayer provideInterPlacement
INFO: >> To [jack]: Provide intermediate placement
Dec 04, 2019 8:49:42 AM ProxyPlayer provideInterPlacement
INFO: << From [jack]: ["green",25,0,1,5]
Dec 04, 2019 8:49:42 AM ProxyPlayer setAvatar
INFO: >> To [jack]: Referee assigned you an avatar with GREEN color
Dec 04, 2019 8:49:42 AM ProxyPlayer setAvatar
INFO: >> To [jack]: {"pos":{"x":1,"y":5},"currentPort":"S1","color":"GREEN","exited":false}
Dec 04, 2019 8:49:42 AM ProxyPlayer sendHand
INFO: >> To [thomas]: Referee has sent you hand for the next round
Dec 04, 2019 8:49:42 AM ProxyPlayer sendHand
INFO: >> To [thomas]: [{"paths":[{"fst":{"name":"S2","hasAvatar":false},"snd":{"name":"E1","hasAvatar":false}},{"fst":{"name":"S1","hasAvatar":false},"snd":{"name":"W2","hasAvatar":false}},{"fst":{"name":"E2","hasAvatar":false},"snd":{"name":"N1","hasAvatar":false}},{"fst":{"name":"N2","hasAvatar":false},"snd":{"name":"W1","hasAvatar":false}}],"rotation":0,"idxInAll35":27},{"paths":[{"fst":{"name":"S2","hasAvatar":false},"snd":{"name":"N2","hasAvatar":false}},{"fst":{"name":"S1","hasAvatar":false},"snd":{"name":"E2","hasAvatar":false}},{"fst":{"name":"E1","hasAvatar":false},"snd":{"name":"W2","hasAvatar":false}},{"fst":{"name":"N1","hasAvatar":false},"snd":{"name":"W1","hasAvatar":false}}],"rotation":0,"idxInAll35":28}]
Dec 04, 2019 8:49:42 AM ProxyPlayer updateBoard
INFO: >> To [thomas]: Referee has sent you updated board state
Dec 04, 2019 8:49:42 AM ProxyPlayer updateBoard
INFO: >> To [thomas]:  Board JSON - {"grid":[[{"paths":[{"fst":{"name":"S2","hasAvatar":false},"snd":{"name":"S1","hasAvatar":false}},{"fst":{"name":"E2","hasAvatar":false},"snd":{"name":"E1","hasAvatar":false}},{"fst":{"name":"N2","avatar":{"pos":{"x":0,"y":0},"currentPort":"N2","color":"WHITE","exited":false},"hasAvatar":true},"snd":{"name":"W1","hasAvatar":false}},{"fst":{"name":"N1","hasAvatar":false},"snd":{"name":"W2","hasAvatar":false}}],"rotation":0,"idxInAll35":2},null,{"paths":[{"fst":{"name":"S2","hasAvatar":false},"snd":{"name":"S1","hasAvatar":false}},{"fst":{"name":"E2","hasAvatar":false},"snd":{"name":"N1","hasAvatar":false}},{"fst":{"name":"E1","hasAvatar":false},"snd":{"name":"W2","hasAvatar":false}},{"fst":{"name":"N2","avatar":{"pos":{"x":0,"y":2},"currentPort":"N2","color":"BLACK","exited":false},"hasAvatar":true},"snd":{"name":"W1","hasAvatar":false}}],"rotation":0,"idxInAll35":5},null,{"paths":[{"fst":{"name":"S2","hasAvatar":false},"snd":{"name":"S1","hasAvatar":false}},{"fst":{"name":"E2","hasAvatar":false},"snd":{"name":"W2","hasAvatar":false}},{"fst":{"name":"E1","hasAvatar":false},"snd":{"name":"N1","hasAvatar":false}},{"fst":{"name":"N2","avatar":{"pos":{"x":0,"y":4},"currentPort":"N2","color":"RED","exited":false},"hasAvatar":true},"snd":{"name":"W1","hasAvatar":false}}],"rotation":0,"idxInAll35":8},null,{"paths":[{"fst":{"name":"S2","hasAvatar":false},"snd":{"name":"S1","hasAvatar":false}},{"fst":{"name":"E2","hasAvatar":false},"snd":{"name":"W1","hasAvatar":false}},{"fst":{"name":"E1","hasAvatar":false},"snd":{"name":"N1","hasAvatar":false}},{"fst":{"name":"N2","hasAvatar":false},"snd":{"name":"W2","hasAvatar":false}}],"rotation":0,"idxInAll35":11},null,{"paths":[{"fst":{"name":"S2","hasAvatar":false},"snd":{"name":"E2","hasAvatar":false}},{"fst":{"name":"S1","hasAvatar":false},"snd":{"name":"E1","hasAvatar":false}},{"fst":{"name":"N2","hasAvatar":false},"snd":{"name":"W1","hasAvatar":false}},{"fst":{"name":"N1","hasAvatar":false},"snd":{"name":"W2","hasAvatar":false}}],"rotation":0,"idxInAll35":14},{"paths":[{"fst":{"name":"S2","hasAvatar":false},"snd":{"name":"E1","hasAvatar":false}},{"fst":{"name":"S1","hasAvatar":false},"snd":{"name":"E2","avatar":{"pos":{"x":0,"y":9},"currentPort":"E2","color":"BLUE","exited":false},"hasAvatar":true}},{"fst":{"name":"N2","hasAvatar":false},"snd":{"name":"W1","hasAvatar":false}},{"fst":{"name":"N1","hasAvatar":false},"snd":{"name":"W2","hasAvatar":false}}],"rotation":0,"idxInAll35":23}],[null,null,null,null,null,{"paths":[{"fst":{"name":"S2","hasAvatar":false},"snd":{"name":"E1","hasAvatar":false}},{"fst":{"name":"S1","avatar":{"pos":{"x":1,"y":5},"currentPort":"S1","color":"GREEN","exited":false},"hasAvatar":true},"snd":{"name":"N2","hasAvatar":false}},{"fst":{"name":"E2","hasAvatar":false},"snd":{"name":"W1","hasAvatar":false}},{"fst":{"name":"N1","hasAvatar":false},"snd":{"name":"W2","hasAvatar":false}}],"rotation":0,"idxInAll35":25},{"paths":[{"fst":{"name":"S2","hasAvatar":false},"snd":{"name":"E2","hasAvatar":false}},{"fst":{"name":"S1","hasAvatar":false},"snd":{"name":"W1","hasAvatar":false}},{"fst":{"name":"E1","hasAvatar":false},"snd":{"name":"N2","hasAvatar":false}},{"fst":{"name":"N1","hasAvatar":false},"snd":{"name":"W2","hasAvatar":false}}],"rotation":0,"idxInAll35":21},null,null,null],[null,null,null,null,null,null,null,null,null,null],[null,null,null,null,null,null,null,null,null,null],[null,null,null,null,null,null,null,null,null,null],[null,null,null,null,null,null,null,null,null,null],[null,null,null,null,null,null,null,null,null,null],[null,null,null,null,null,null,null,null,null,null],[null,null,null,null,null,null,null,null,null,null],[null,null,null,null,null,null,null,null,null,null]]}
Dec 04, 2019 8:49:42 AM ProxyPlayer sendHand
INFO: >> To [thomas]: Referee has sent you hand for the next round
Dec 04, 2019 8:49:42 AM ProxyPlayer sendHand
INFO: >> To [thomas]: [{"paths":[{"fst":{"name":"S2","hasAvatar":false},"snd":{"name":"E1","hasAvatar":false}},{"fst":{"name":"S1","hasAvatar":false},"snd":{"name":"W2","hasAvatar":false}},{"fst":{"name":"E2","hasAvatar":false},"snd":{"name":"N1","hasAvatar":false}},{"fst":{"name":"N2","hasAvatar":false},"snd":{"name":"W1","hasAvatar":false}}],"rotation":0,"idxInAll35":27},{"paths":[{"fst":{"name":"S2","hasAvatar":false},"snd":{"name":"N2","hasAvatar":false}},{"fst":{"name":"S1","hasAvatar":false},"snd":{"name":"E2","hasAvatar":false}},{"fst":{"name":"E1","hasAvatar":false},"snd":{"name":"W2","hasAvatar":false}},{"fst":{"name":"N1","hasAvatar":false},"snd":{"name":"W1","hasAvatar":false}}],"rotation":0,"idxInAll35":28}]
Dec 04, 2019 8:49:42 AM ProxyPlayer provideInterPlacement
INFO: >> To [thomas]: Provide intermediate placement
Dec 04, 2019 8:49:42 AM ProxyPlayer provideInterPlacement
INFO: << From [thomas]: ["blue",27,0,1,9]
Dec 04, 2019 8:49:42 AM ProxyPlayer setKicked
INFO: >> To [thomas]: You made an illegal move and were kicked from the game!
Dec 04, 2019 8:49:42 AM ProxyPlayer notifyWinner
INFO: >> To [jack]: Congratulations! You have won
